<?xml version="1.0" encoding="UTF-8"?>
<!-- Generated by org.testng.reporters.JUnitXMLReporter -->
<testsuite ignored="0" hostname="DESKTOP-H7LNM2F" failures="0" tests="4" name="Default test" time="0.243" errors="0" timestamp="2024-01-18T00:17:50 IST">
  <testcase classname="testng1.TestNGAnnotations" name="zTestMethod" time="0.017"/>
  <testcase classname="testng1.TestNGAnnotations" name="rTestMethod" time="0.013"/>
  <testcase classname="testng1.TestNGAnnotations" name="testMethod1" time="0.007"/>
  <testcase classname="testng1.TestNGAnnotations" name="testMethod2" time="0.007"/>
</testsuite> <!-- Default test -->
