<?xml version="1.0" encoding="UTF-8"?>
<!-- Generated by org.testng.reporters.JUnitXMLReporter -->
<testsuite ignored="0" hostname="DESKTOP-H7LNM2F" failures="0" tests="4" name="Test" time="0.159" errors="0" timestamp="2024-01-22T15:49:12 IST">
  <testcase classname="testng1.TestNGAnnotations" name="zTestMethod" time="0.008"/>
  <testcase classname="testng1.TestNGAnnotations" name="rTestMethod" time="0.003"/>
  <testcase classname="testng1.TestNGAnnotations" name="testMethod1" time="0.009"/>
  <testcase classname="testng1.TestNGAnnotations" name="testMethod2" time="0.007"/>
</testsuite> <!-- Test -->
