<?xml version="1.0" encoding="UTF-8"?>
<!-- Generated by org.testng.reporters.JUnitXMLReporter -->
<testsuite ignored="0" hostname="DESKTOP-H7LNM2F" failures="0" tests="4" name="Test2" time="0.042" errors="0" timestamp="2024-01-22T22:42:09 IST">
  <testcase classname="testng2.TestNGsuites" name="zTestMethod" time="0.0"/>
  <testcase classname="testng2.TestNGsuites" name="rTestMethod" time="0.0"/>
  <testcase classname="testng2.TestNGsuites" name="testMethod1" time="0.002"/>
  <testcase classname="testng2.TestNGsuites" name="testMethod2" time="0.0"/>
</testsuite> <!-- Test2 -->
