<?xml version="1.0" encoding="UTF-8"?>
<!-- Generated by org.testng.reporters.JUnitXMLReporter -->
<testsuite ignored="0" hostname="DESKTOP-H7LNM2F" failures="0" tests="4" name="Test" time="0.101" errors="0" timestamp="2024-01-22T22:42:08 IST">
  <testcase classname="testng1.TestNGAnnotations" name="zTestMethod" time="0.0"/>
  <testcase classname="testng1.TestNGAnnotations" name="rTestMethod" time="0.0"/>
  <testcase classname="testng1.TestNGAnnotations" name="testMethod1" time="0.005"/>
  <testcase classname="testng1.TestNGAnnotations" name="testMethod2" time="0.0"/>
</testsuite> <!-- Test -->
