<?xml version="1.0" encoding="UTF-8"?>
<testsuite xmlns:xsi="http://www.w3.org/2001/XMLSchema-instance" xsi:noNamespaceSchemaLocation="https://maven.apache.org/surefire/maven-surefire-plugin/xsd/surefire-test-report-3.0.xsd" version="3.0" name="TestSuite" time="1.322" tests="8" errors="0" skipped="0" failures="0">
  <properties>
[...]
</properties>
  <testcase name="zTestMethod" classname="testng1.TestNGAnnotations" time="0.007">
    <system-out><![CDATA[You are in Before Suite
You are in Before Suite in siute2
You are in Before Test
You are in Before Class
You are in Before Method
You are in Z Test Method
]]></system-out>
    <system-err><![CDATA[SLF4J: Failed to load class "org.slf4j.impl.StaticLoggerBinder".
SLF4J: Defaulting to no-operation (NOP) logger implementation
SLF4J: See http://www.slf4j.org/codes.html#StaticLoggerBinder for further details.
]]></system-err>
  </testcase>
  <testcase name="rTestMethod" classname="testng1.TestNGAnnotations" time="0.0">
    <system-out><![CDATA[You are in After Method
You are in Before Method
You are in R Test Method
]]></system-out>
  </testcase>
  <testcase name="testMethod1" classname="testng1.TestNGAnnotations" time="0.0">
    <system-out><![CDATA[You are in After Method
You are in Before Method
You are in Test Method 1
]]></system-out>
  </testcase>
  <testcase name="testMethod2" classname="testng1.TestNGAnnotations" time="0.0">
    <system-out><![CDATA[You are in After Method
You are in Before Method
You are in Test Method 2
]]></system-out>
  </testcase>
  <testcase name="zTestMethod" classname="testng2.TestNGsuites" time="0.004">
    <system-out><![CDATA[You are in After Method
You are in After Class
You are in After Test
You are in Before Test in siute2
You are in Before Class in siute2
You are in Before Method in siute2
You are in Z Test Method in siute2
]]></system-out>
  </testcase>
  <testcase name="rTestMethod" classname="testng2.TestNGsuites" time="0.0">
    <system-out><![CDATA[You are in After Method in siute2
You are in Before Method in siute2
You are in R Test Method in suite2
]]></system-out>
  </testcase>
  <testcase name="testMethod1" classname="testng2.TestNGsuites" time="0.0">
    <system-out><![CDATA[You are in After Method in siute2
You are in Before Method in siute2
You are in Test Method 1 in siute2
]]></system-out>
  </testcase>
  <testcase name="testMethod2" classname="testng2.TestNGsuites" time="0.003">
    <system-out><![CDATA[You are in After Method in siute2
You are in Before Method in siute2
You are in Test Method 2 in siute2
]]></system-out>
  </testcase>
</testsuite>